<?xml version="1.0" encoding="UTF-8" ?>
<testsuite tests="1" failures="1" name="org.superbiz.injection.EjbDependencyTest" time="0.954" errors="0" skipped="0">
  <properties>
[...]
</properties>
  <testcase classname="org.superbiz.injection.EjbDependencyTest" name="test" time="0.954">
    <failure type="junit.framework.AssertionFailedError">junit.framework.AssertionFailedError
	at junit.framework.Assert.fail(Assert.java:55)
	at junit.framework.Assert.assertTrue(Assert.java:22)
	at junit.framework.Assert.assertNotNull(Assert.java:256)
	at junit.framework.Assert.assertNotNull(Assert.java:248)
	at junit.framework.TestCase.assertNotNull(TestCase.java:417)
	at org.superbiz.injection.EjbDependencyTest.test(EjbDependencyTest.java:39)
	at sun.reflect.NativeMethodAccessorImpl.invoke0(Native Method)
	at sun.reflect.NativeMethodAccessorImpl.invoke(NativeMethodAccessorImpl.java:62)
	at sun.reflect.DelegatingMethodAccessorImpl.invoke(DelegatingMethodAccessorImpl.java:43)
	at java.lang.reflect.Method.invoke(Method.java:497)
	at junit.framework.TestCase.runTest(TestCase.java:176)
	at junit.framework.TestCase.runBare(TestCase.java:141)
	at junit.framework.TestResult$1.protect(TestResult.java:122)
	at junit.framework.TestResult.runProtected(TestResult.java:142)
	at junit.framework.TestResult.run(TestResult.java:125)
	at junit.framework.TestCase.run(TestCase.java:129)
	at junit.framework.TestSuite.runTest(TestSuite.java:252)
	at junit.framework.TestSuite.run(TestSuite.java:247)
	at org.junit.internal.runners.JUnit38ClassRunner.run(JUnit38ClassRunner.java:86)
	at org.apache.maven.surefire.junit4.JUnit4Provider.execute(JUnit4Provider.java:252)
	at org.apache.maven.surefire.junit4.JUnit4Provider.executeTestSet(JUnit4Provider.java:141)
	at org.apache.maven.surefire.junit4.JUnit4Provider.invoke(JUnit4Provider.java:112)
	at sun.reflect.NativeMethodAccessorImpl.invoke0(Native Method)
	at sun.reflect.NativeMethodAccessorImpl.invoke(NativeMethodAccessorImpl.java:62)
	at sun.reflect.DelegatingMethodAccessorImpl.invoke(DelegatingMethodAccessorImpl.java:43)
	at java.lang.reflect.Method.invoke(Method.java:497)
	at org.apache.maven.surefire.util.ReflectionUtils.invokeMethodWithArray(ReflectionUtils.java:189)
	at org.apache.maven.surefire.booter.ProviderFactory$ProviderProxy.invoke(ProviderFactory.java:165)
	at org.apache.maven.surefire.booter.ProviderFactory.invokeProvider(ProviderFactory.java:85)
	at org.apache.maven.surefire.booter.ForkedBooter.runSuitesInProcess(ForkedBooter.java:115)
	at org.apache.maven.surefire.booter.ForkedBooter.main(ForkedBooter.java:75)
</failure>
    <system-out>INFO - ********************************************************************************
INFO - OpenEJB http://tomee.apache.org/
INFO - Startup: Sat Oct 03 11:27:24 EDT 2015
INFO - Copyright 1999-2015 (C) Apache OpenEJB Project, All Rights Reserved.
INFO - Version: 7.0.0-SNAPSHOT
INFO - Build date: 20151003
INFO - Build time: 04:07
INFO - ********************************************************************************
INFO - openejb.home = C:\Users\Tony\DTCC_fall_2015\injection-of-ejbs
INFO - openejb.base = C:\Users\Tony\DTCC_fall_2015\injection-of-ejbs
INFO - Created new singletonService org.apache.openejb.cdi.ThreadSingletonServiceImpl@56cbfb61
INFO - Succeeded in installing singleton service
INFO - Using &apos;javax.ejb.embeddable.EJBContainer=true&apos;
INFO - Cannot find the configuration file [conf/openejb.xml].  Will attempt to create one for the beans deployed.
INFO - Configuring Service(id=Default Security Service, type=SecurityService, provider-id=Default Security Service)
INFO - Configuring Service(id=Default Transaction Manager, type=TransactionManager, provider-id=Default Transaction Manager)
INFO - Creating TransactionManager(id=Default Transaction Manager)
INFO - Creating SecurityService(id=Default Security Service)
INFO - Found EjbModule in classpath: c:\users\tony\dtcc_fall_2015\injection-of-ejbs\target\classes
INFO - Beginning load: c:\users\tony\dtcc_fall_2015\injection-of-ejbs\target\classes
INFO - Configuring enterprise application: C:\Users\Tony\DTCC_fall_2015\injection-of-ejbs
INFO - Auto-deploying ejb DataStore: EjbDeployment(deployment-id=DataStore)
INFO - Auto-deploying ejb DataReader: EjbDeployment(deployment-id=DataReader)
INFO - Configuring Service(id=Default Stateless Container, type=Container, provider-id=Default Stateless Container)
INFO - Auto-creating a container for bean DataStore: Container(type=STATELESS, id=Default Stateless Container)
INFO - Creating Container(id=Default Stateless Container)
INFO - Configuring Service(id=Default Managed Container, type=Container, provider-id=Default Managed Container)
INFO - Auto-creating a container for bean org.superbiz.injection.EjbDependencyTest: Container(type=MANAGED, id=Default Managed Container)
INFO - Creating Container(id=Default Managed Container)
INFO - Using directory C:\Users\Tony\AppData\Local\Temp for stateful session passivation
INFO - Configuring Service(id=comp/DefaultManagedExecutorService, type=Resource, provider-id=Default Executor Service)
INFO - Auto-creating a Resource with id &apos;comp/DefaultManagedExecutorService&apos; of type &apos;javax.enterprise.concurrent.ManagedExecutorService for &apos;EjbModule1702940637.Comp1073763441&apos;.
INFO - Auto-linking resource-env-ref &apos;java:comp/DefaultManagedExecutorService&apos; in bean EjbModule1702940637.Comp1073763441 to Resource(id=comp/DefaultManagedExecutorService)
INFO - Configuring Service(id=comp/DefaultManagedScheduledExecutorService, type=Resource, provider-id=Default Scheduled Executor Service)
INFO - Auto-creating a Resource with id &apos;comp/DefaultManagedScheduledExecutorService&apos; of type &apos;javax.enterprise.concurrent.ManagedScheduledExecutorService for &apos;EjbModule1702940637.Comp1073763441&apos;.
INFO - Auto-linking resource-env-ref &apos;java:comp/DefaultManagedScheduledExecutorService&apos; in bean EjbModule1702940637.Comp1073763441 to Resource(id=comp/DefaultManagedScheduledExecutorService)
INFO - Configuring Service(id=comp/DefaultManagedThreadFactory, type=Resource, provider-id=Default Managed Thread Factory)
INFO - Auto-creating a Resource with id &apos;comp/DefaultManagedThreadFactory&apos; of type &apos;javax.enterprise.concurrent.ManagedThreadFactory for &apos;EjbModule1702940637.Comp1073763441&apos;.
INFO - Auto-linking resource-env-ref &apos;java:comp/DefaultManagedThreadFactory&apos; in bean EjbModule1702940637.Comp1073763441 to Resource(id=comp/DefaultManagedThreadFactory)
INFO - Enterprise application &quot;C:\Users\Tony\DTCC_fall_2015\injection-of-ejbs&quot; loaded.
INFO - Assembling app: C:\Users\Tony\DTCC_fall_2015\injection-of-ejbs
INFO - Jndi(name=&quot;java:global/injection-of-ejbs/DataStore!org.superbiz.injection.DataStore&quot;)
INFO - Jndi(name=&quot;java:global/injection-of-ejbs/DataStore!org.superbiz.injection.DataStoreLocal&quot;)
INFO - Jndi(name=&quot;java:global/injection-of-ejbs/DataStore!org.superbiz.injection.DataStoreRemote&quot;)
INFO - Jndi(name=&quot;java:global/injection-of-ejbs/DataStore&quot;)
INFO - Jndi(name=&quot;java:global/injection-of-ejbs/DataReader!org.superbiz.injection.DataReader&quot;)
INFO - Jndi(name=&quot;java:global/injection-of-ejbs/DataReader&quot;)
INFO - Existing thread singleton service in SystemInstance(): org.apache.openejb.cdi.ThreadSingletonServiceImpl@56cbfb61
INFO - OpenWebBeans Container is starting...
INFO - Adding OpenWebBeansPlugin : [CdiPlugin]
INFO - All injection points were validated successfully.
INFO - OpenWebBeans Container has started, it took 114 ms.
INFO - Created Ejb(deployment-id=DataReader, ejb-name=DataReader, container=Default Stateless Container)
INFO - Created Ejb(deployment-id=DataStore, ejb-name=DataStore, container=Default Stateless Container)
INFO - Started Ejb(deployment-id=DataReader, ejb-name=DataReader, container=Default Stateless Container)
INFO - Started Ejb(deployment-id=DataStore, ejb-name=DataStore, container=Default Stateless Container)
INFO - Deployed Application(path=C:\Users\Tony\DTCC_fall_2015\injection-of-ejbs)
</system-out>
  </testcase>
</testsuite>